➜  csvToRis node csvToRis.js
Target directory: /Users/bobby/Documents/repository/mine/csvToRis/shaoYuanSource
Converting /Users/bobby/Documents/repository/mine/csvToRis/shaoYuanSource/.DS_Store into ./result.ris
Converting /Users/bobby/Documents/repository/mine/csvToRis/shaoYuanSource/A/(_Old_ women_ _ _Aging women_ _ _Ageing women_) + (_Urban_ _ _City_ _ _Cities_) + (_Geography_)-2021-10-27.csv into ./result.ris
Converting /Users/bobby/Documents/repository/mine/csvToRis/shaoYuanSource/B/(_Old_ women_ _ _Aging women_ _ _Ageing women_) + (_Urban_ _ _City_ _ _Cities_) + (_Femin__)-2021-10-27.csv into ./result.ris
Converting /Users/bobby/Documents/repository/mine/csvToRis/shaoYuanSource/C/(_Old_ women_ _ _Aging women_ _ _Ageing women_) + (_Urban_ _ _City_ _ _Cities_) + (_Poverty_)-2021-10-27.csv into ./result.ris
Converting /Users/bobby/Documents/repository/mine/csvToRis/shaoYuanSource/D/(_Old_ women_ _ _Aging women_ _ _Ageing women_) + (_Urban_ _ _City_ _ _Cities_) + (_Isolat__)-2021-10-27 (1).csv into ./result.ris
Converting /Users/bobby/Documents/repository/mine/csvToRis/shaoYuanSource/D/(_Old_ women_ _ _Aging women_ _ _Ageing women_) + (_Urban_ _ _City_ _ _Cities_) + (_Isolat__)-2021-10-27 (10).csv into ./result.ris
Converting /Users/bobby/Documents/repository/mine/csvToRis/shaoYuanSource/D/(_Old_ women_ _ _Aging women_ _ _Ageing women_) + (_Urban_ _ _City_ _ _Cities_) + (_Isolat__)-2021-10-27 (11).csv into ./result.ris
Converting /Users/bobby/Documents/repository/mine/csvToRis/shaoYuanSource/D/(_Old_ women_ _ _Aging women_ _ _Ageing women_) + (_Urban_ _ _City_ _ _Cities_) + (_Isolat__)-2021-10-27 (12).csv into ./result.ris
Converting /Users/bobby/Documents/repository/mine/csvToRis/shaoYuanSource/D/(_Old_ women_ _ _Aging women_ _ _Ageing women_) + (_Urban_ _ _City_ _ _Cities_) + (_Isolat__)-2021-10-27 (13).csv into ./result.ris
Converting /Users/bobby/Documents/repository/mine/csvToRis/shaoYuanSource/D/(_Old_ women_ _ _Aging women_ _ _Ageing women_) + (_Urban_ _ _City_ _ _Cities_) + (_Isolat__)-2021-10-27 (14).csv into ./result.ris
Converting /Users/bobby/Documents/repository/mine/csvToRis/shaoYuanSource/D/(_Old_ women_ _ _Aging women_ _ _Ageing women_) + (_Urban_ _ _City_ _ _Cities_) + (_Isolat__)-2021-10-27 (15).csv into ./result.ris
Converting /Users/bobby/Documents/repository/mine/csvToRis/shaoYuanSource/D/(_Old_ women_ _ _Aging women_ _ _Ageing women_) + (_Urban_ _ _City_ _ _Cities_) + (_Isolat__)-2021-10-27 (16).csv into ./result.ris
Converting /Users/bobby/Documents/repository/mine/csvToRis/shaoYuanSource/D/(_Old_ women_ _ _Aging women_ _ _Ageing women_) + (_Urban_ _ _City_ _ _Cities_) + (_Isolat__)-2021-10-27 (17).csv into ./result.ris
Converting /Users/bobby/Documents/repository/mine/csvToRis/shaoYuanSource/D/(_Old_ women_ _ _Aging women_ _ _Ageing women_) + (_Urban_ _ _City_ _ _Cities_) + (_Isolat__)-2021-10-27 (2).csv into ./result.ris
Converting /Users/bobby/Documents/repository/mine/csvToRis/shaoYuanSource/D/(_Old_ women_ _ _Aging women_ _ _Ageing women_) + (_Urban_ _ _City_ _ _Cities_) + (_Isolat__)-2021-10-27 (3).csv into ./result.ris
Converting /Users/bobby/Documents/repository/mine/csvToRis/shaoYuanSource/D/(_Old_ women_ _ _Aging women_ _ _Ageing women_) + (_Urban_ _ _City_ _ _Cities_) + (_Isolat__)-2021-10-27 (4).csv into ./result.ris
Converting /Users/bobby/Documents/repository/mine/csvToRis/shaoYuanSource/D/(_Old_ women_ _ _Aging women_ _ _Ageing women_) + (_Urban_ _ _City_ _ _Cities_) + (_Isolat__)-2021-10-27 (5).csv into ./result.ris
Converting /Users/bobby/Documents/repository/mine/csvToRis/shaoYuanSource/D/(_Old_ women_ _ _Aging women_ _ _Ageing women_) + (_Urban_ _ _City_ _ _Cities_) + (_Isolat__)-2021-10-27 (6).csv into ./result.ris
Converting /Users/bobby/Documents/repository/mine/csvToRis/shaoYuanSource/D/(_Old_ women_ _ _Aging women_ _ _Ageing women_) + (_Urban_ _ _City_ _ _Cities_) + (_Isolat__)-2021-10-27 (7).csv into ./result.ris
Converting /Users/bobby/Documents/repository/mine/csvToRis/shaoYuanSource/D/(_Old_ women_ _ _Aging women_ _ _Ageing women_) + (_Urban_ _ _City_ _ _Cities_) + (_Isolat__)-2021-10-27 (8).csv into ./result.ris
Converting /Users/bobby/Documents/repository/mine/csvToRis/shaoYuanSource/D/(_Old_ women_ _ _Aging women_ _ _Ageing women_) + (_Urban_ _ _City_ _ _Cities_) + (_Isolat__)-2021-10-27 (9).csv into ./result.ris
Converting /Users/bobby/Documents/repository/mine/csvToRis/shaoYuanSource/D/(_Old_ women_ _ _Aging women_ _ _Ageing women_) + (_Urban_ _ _City_ _ _Cities_) + (_Isolat__)-2021-10-27.csv into ./result.ris
Converting /Users/bobby/Documents/repository/mine/csvToRis/shaoYuanSource/E/(_Old_ women_ _ _Aging women_ _ _Ageing women_) + (_Urban_ _ _City_ _ _Cities_) + (_Physical Health_)-2021-10-27.csv into ./result.ris
Converting /Users/bobby/Documents/repository/mine/csvToRis/shaoYuanSource/F/(_Old_ women_ _ _Aging women_ _ _Ageing women_) + (_Urban_ _ _City_ _ _Cities_) + (_Psychological Health_)-2021-10-27.csv into ./result.ris
Converting /Users/bobby/Documents/repository/mine/csvToRis/shaoYuanSource/G/(_Old_ women_ _ _Aging women_ _ _Ageing women_) + (_Urban_ _ _City_ _ _Cities_) + (_Challeng__)-2021-10-27.csv into ./result.ris
Converting /Users/bobby/Documents/repository/mine/csvToRis/shaoYuanSource/H/(_Old_ women_ _ _Aging women_ _ _Ageing women_) + (_Urban_ _ _City_ _ _Cities_) + (_Urban Plan__)-2021-10-27 (1).csv into ./result.ris
Converting /Users/bobby/Documents/repository/mine/csvToRis/shaoYuanSource/H/(_Old_ women_ _ _Aging women_ _ _Ageing women_) + (_Urban_ _ _City_ _ _Cities_) + (_Urban Plan__)-2021-10-27 (2).csv into ./result.ris
Converting /Users/bobby/Documents/repository/mine/csvToRis/shaoYuanSource/H/(_Old_ women_ _ _Aging women_ _ _Ageing women_) + (_Urban_ _ _City_ _ _Cities_) + (_Urban Plan__)-2021-10-27 (3).csv into ./result.ris
Converting /Users/bobby/Documents/repository/mine/csvToRis/shaoYuanSource/H/(_Old_ women_ _ _Aging women_ _ _Ageing women_) + (_Urban_ _ _City_ _ _Cities_) + (_Urban Plan__)-2021-10-27 (4).csv into ./result.ris
Converting /Users/bobby/Documents/repository/mine/csvToRis/shaoYuanSource/H/(_Old_ women_ _ _Aging women_ _ _Ageing women_) + (_Urban_ _ _City_ _ _Cities_) + (_Urban Plan__)-2021-10-27 (5).csv into ./result.ris
Converting /Users/bobby/Documents/repository/mine/csvToRis/shaoYuanSource/H/(_Old_ women_ _ _Aging women_ _ _Ageing women_) + (_Urban_ _ _City_ _ _Cities_) + (_Urban Plan__)-2021-10-27 (6).csv into ./result.ris
Converting /Users/bobby/Documents/repository/mine/csvToRis/shaoYuanSource/H/(_Old_ women_ _ _Aging women_ _ _Ageing women_) + (_Urban_ _ _City_ _ _Cities_) + (_Urban Plan__)-2021-10-27 (7).csv into ./result.ris
Converting /Users/bobby/Documents/repository/mine/csvToRis/shaoYuanSource/H/(_Old_ women_ _ _Aging women_ _ _Ageing women_) + (_Urban_ _ _City_ _ _Cities_) + (_Urban Plan__)-2021-10-27 (8).csv into ./result.ris
Converting /Users/bobby/Documents/repository/mine/csvToRis/shaoYuanSource/H/(_Old_ women_ _ _Aging women_ _ _Ageing women_) + (_Urban_ _ _City_ _ _Cities_) + (_Urban Plan__)-2021-10-27.csv into ./result.ris
Converting /Users/bobby/Documents/repository/mine/csvToRis/shaoYuanSource/I/(_Old_ women_ _ _Aging women_ _ _Ageing women_) + (_Urban_ _ _City_ _ _Cities_) + (_Policy Mak__)-2021-10-27 (1).csv into ./result.ris
Converting /Users/bobby/Documents/repository/mine/csvToRis/shaoYuanSource/I/(_Old_ women_ _ _Aging women_ _ _Ageing women_) + (_Urban_ _ _City_ _ _Cities_) + (_Policy Mak__)-2021-10-27 (2).csv into ./result.ris
Converting /Users/bobby/Documents/repository/mine/csvToRis/shaoYuanSource/I/(_Old_ women_ _ _Aging women_ _ _Ageing women_) + (_Urban_ _ _City_ _ _Cities_) + (_Policy Mak__)-2021-10-27 (3).csv into ./result.ris
Converting /Users/bobby/Documents/repository/mine/csvToRis/shaoYuanSource/I/(_Old_ women_ _ _Aging women_ _ _Ageing women_) + (_Urban_ _ _City_ _ _Cities_) + (_Policy Mak__)-2021-10-27 (4).csv into ./result.ris
Converting /Users/bobby/Documents/repository/mine/csvToRis/shaoYuanSource/I/(_Old_ women_ _ _Aging women_ _ _Ageing women_) + (_Urban_ _ _City_ _ _Cities_) + (_Policy Mak__)-2021-10-27.csv into ./result.ris
Converting /Users/bobby/Documents/repository/mine/csvToRis/shaoYuanSource/I fucked up/(_Old_ women_ _ _Aging women_ _ _Ageing women_) + (_Urban_ _ _City_ _ _Cities_) + (_Lone__)-2021-10-27 (1).csv into ./result.ris
Converting /Users/bobby/Documents/repository/mine/csvToRis/shaoYuanSource/I fucked up/(_Old_ women_ _ _Aging women_ _ _Ageing women_) + (_Urban_ _ _City_ _ _Cities_) + (_Lone__)-2021-10-27 (10).csv into ./result.ris
Converting /Users/bobby/Documents/repository/mine/csvToRis/shaoYuanSource/I fucked up/(_Old_ women_ _ _Aging women_ _ _Ageing women_) + (_Urban_ _ _City_ _ _Cities_) + (_Lone__)-2021-10-27 (11).csv into ./result.ris
Converting /Users/bobby/Documents/repository/mine/csvToRis/shaoYuanSource/I fucked up/(_Old_ women_ _ _Aging women_ _ _Ageing women_) + (_Urban_ _ _City_ _ _Cities_) + (_Lone__)-2021-10-27 (12).csv into ./result.ris
Converting /Users/bobby/Documents/repository/mine/csvToRis/shaoYuanSource/I fucked up/(_Old_ women_ _ _Aging women_ _ _Ageing women_) + (_Urban_ _ _City_ _ _Cities_) + (_Lone__)-2021-10-27 (13).csv into ./result.ris
Converting /Users/bobby/Documents/repository/mine/csvToRis/shaoYuanSource/I fucked up/(_Old_ women_ _ _Aging women_ _ _Ageing women_) + (_Urban_ _ _City_ _ _Cities_) + (_Lone__)-2021-10-27 (14).csv into ./result.ris
Converting /Users/bobby/Documents/repository/mine/csvToRis/shaoYuanSource/I fucked up/(_Old_ women_ _ _Aging women_ _ _Ageing women_) + (_Urban_ _ _City_ _ _Cities_) + (_Lone__)-2021-10-27 (15).csv into ./result.ris
Converting /Users/bobby/Documents/repository/mine/csvToRis/shaoYuanSource/I fucked up/(_Old_ women_ _ _Aging women_ _ _Ageing women_) + (_Urban_ _ _City_ _ _Cities_) + (_Lone__)-2021-10-27 (16).csv into ./result.ris
Converting /Users/bobby/Documents/repository/mine/csvToRis/shaoYuanSource/I fucked up/(_Old_ women_ _ _Aging women_ _ _Ageing women_) + (_Urban_ _ _City_ _ _Cities_) + (_Lone__)-2021-10-27 (17).csv into ./result.ris
Converting /Users/bobby/Documents/repository/mine/csvToRis/shaoYuanSource/I fucked up/(_Old_ women_ _ _Aging women_ _ _Ageing women_) + (_Urban_ _ _City_ _ _Cities_) + (_Lone__)-2021-10-27 (2).csv into ./result.ris
Converting /Users/bobby/Documents/repository/mine/csvToRis/shaoYuanSource/I fucked up/(_Old_ women_ _ _Aging women_ _ _Ageing women_) + (_Urban_ _ _City_ _ _Cities_) + (_Lone__)-2021-10-27 (3).csv into ./result.ris
Converting /Users/bobby/Documents/repository/mine/csvToRis/shaoYuanSource/I fucked up/(_Old_ women_ _ _Aging women_ _ _Ageing women_) + (_Urban_ _ _City_ _ _Cities_) + (_Lone__)-2021-10-27 (4).csv into ./result.ris
Converting /Users/bobby/Documents/repository/mine/csvToRis/shaoYuanSource/I fucked up/(_Old_ women_ _ _Aging women_ _ _Ageing women_) + (_Urban_ _ _City_ _ _Cities_) + (_Lone__)-2021-10-27 (5).csv into ./result.ris
Converting /Users/bobby/Documents/repository/mine/csvToRis/shaoYuanSource/I fucked up/(_Old_ women_ _ _Aging women_ _ _Ageing women_) + (_Urban_ _ _City_ _ _Cities_) + (_Lone__)-2021-10-27 (6).csv into ./result.ris
Converting /Users/bobby/Documents/repository/mine/csvToRis/shaoYuanSource/I fucked up/(_Old_ women_ _ _Aging women_ _ _Ageing women_) + (_Urban_ _ _City_ _ _Cities_) + (_Lone__)-2021-10-27 (7).csv into ./result.ris
Converting /Users/bobby/Documents/repository/mine/csvToRis/shaoYuanSource/I fucked up/(_Old_ women_ _ _Aging women_ _ _Ageing women_) + (_Urban_ _ _City_ _ _Cities_) + (_Lone__)-2021-10-27 (8).csv into ./result.ris
Converting /Users/bobby/Documents/repository/mine/csvToRis/shaoYuanSource/I fucked up/(_Old_ women_ _ _Aging women_ _ _Ageing women_) + (_Urban_ _ _City_ _ _Cities_) + (_Lone__)-2021-10-27 (9).csv into ./result.ris
Converting /Users/bobby/Documents/repository/mine/csvToRis/shaoYuanSource/I fucked up/(_Old_ women_ _ _Aging women_ _ _Ageing women_) + (_Urban_ _ _City_ _ _Cities_) + (_Lone__)-2021-10-27.csv into ./result.ris
Converting /Users/bobby/Documents/repository/mine/csvToRis/shaoYuanSource/I fucked up/.DS_Store into ./result.ris
Converting /Users/bobby/Documents/repository/mine/csvToRis/shaoYuanSource/J/(_Old_ women_ _ _Aging women_ _ _Ageing women_) + (_Urban_ _ _City_ _ _Cities_) + (_Interven__)-2021-10-27 (1).csv into ./result.ris
Converting /Users/bobby/Documents/repository/mine/csvToRis/shaoYuanSource/J/(_Old_ women_ _ _Aging women_ _ _Ageing women_) + (_Urban_ _ _City_ _ _Cities_) + (_Interven__)-2021-10-27 (10).csv into ./result.ris
Converting /Users/bobby/Documents/repository/mine/csvToRis/shaoYuanSource/J/(_Old_ women_ _ _Aging women_ _ _Ageing women_) + (_Urban_ _ _City_ _ _Cities_) + (_Interven__)-2021-10-27 (11).csv into ./result.ris
Converting /Users/bobby/Documents/repository/mine/csvToRis/shaoYuanSource/J/(_Old_ women_ _ _Aging women_ _ _Ageing women_) + (_Urban_ _ _City_ _ _Cities_) + (_Interven__)-2021-10-27 (12).csv into ./result.ris
Converting /Users/bobby/Documents/repository/mine/csvToRis/shaoYuanSource/J/(_Old_ women_ _ _Aging women_ _ _Ageing women_) + (_Urban_ _ _City_ _ _Cities_) + (_Interven__)-2021-10-27 (13).csv into ./result.ris
Converting /Users/bobby/Documents/repository/mine/csvToRis/shaoYuanSource/J/(_Old_ women_ _ _Aging women_ _ _Ageing women_) + (_Urban_ _ _City_ _ _Cities_) + (_Interven__)-2021-10-27 (14).csv into ./result.ris
Converting /Users/bobby/Documents/repository/mine/csvToRis/shaoYuanSource/J/(_Old_ women_ _ _Aging women_ _ _Ageing women_) + (_Urban_ _ _City_ _ _Cities_) + (_Interven__)-2021-10-27 (15).csv into ./result.ris
Converting /Users/bobby/Documents/repository/mine/csvToRis/shaoYuanSource/J/(_Old_ women_ _ _Aging women_ _ _Ageing women_) + (_Urban_ _ _City_ _ _Cities_) + (_Interven__)-2021-10-27 (2).csv into ./result.ris
Converting /Users/bobby/Documents/repository/mine/csvToRis/shaoYuanSource/J/(_Old_ women_ _ _Aging women_ _ _Ageing women_) + (_Urban_ _ _City_ _ _Cities_) + (_Interven__)-2021-10-27 (3).csv into ./result.ris
Converting /Users/bobby/Documents/repository/mine/csvToRis/shaoYuanSource/J/(_Old_ women_ _ _Aging women_ _ _Ageing women_) + (_Urban_ _ _City_ _ _Cities_) + (_Interven__)-2021-10-27 (4).csv into ./result.ris
Converting /Users/bobby/Documents/repository/mine/csvToRis/shaoYuanSource/J/(_Old_ women_ _ _Aging women_ _ _Ageing women_) + (_Urban_ _ _City_ _ _Cities_) + (_Interven__)-2021-10-27 (5).csv into ./result.ris
Converting /Users/bobby/Documents/repository/mine/csvToRis/shaoYuanSource/J/(_Old_ women_ _ _Aging women_ _ _Ageing women_) + (_Urban_ _ _City_ _ _Cities_) + (_Interven__)-2021-10-27 (6).csv into ./result.ris
Converting /Users/bobby/Documents/repository/mine/csvToRis/shaoYuanSource/J/(_Old_ women_ _ _Aging women_ _ _Ageing women_) + (_Urban_ _ _City_ _ _Cities_) + (_Interven__)-2021-10-27 (7).csv into ./result.ris
Converting /Users/bobby/Documents/repository/mine/csvToRis/shaoYuanSource/J/(_Old_ women_ _ _Aging women_ _ _Ageing women_) + (_Urban_ _ _City_ _ _Cities_) + (_Interven__)-2021-10-27 (8).csv into ./result.ris
Converting /Users/bobby/Documents/repository/mine/csvToRis/shaoYuanSource/J/(_Old_ women_ _ _Aging women_ _ _Ageing women_) + (_Urban_ _ _City_ _ _Cities_) + (_Interven__)-2021-10-27 (9).csv into ./result.ris
Converting /Users/bobby/Documents/repository/mine/csvToRis/shaoYuanSource/J/(_Old_ women_ _ _Aging women_ _ _Ageing women_) + (_Urban_ _ _City_ _ _Cities_) + (_Interven__)-2021-10-27.csv into ./result.ris
Converting /Users/bobby/Documents/repository/mine/csvToRis/shaoYuanSource/K/(_Old_ women_ _ _Aging women_ _ _Ageing women_) + (_Urban_ _ _City_ _ _Cities_) + (_Voice_ _ _Role_)-2021-10-27.csv into ./result.ris
Completed: Results are in ./result.ris


csvToRis grep 'TY  - JOUR' result.ris | wc -l
27534 records recorded